<?xml version="1.0" encoding="UTF-8"?>
<testsuite xmlns:xsi="http://www.w3.org/2001/XMLSchema-instance" xsi:noNamespaceSchemaLocation="https://maven.apache.org/surefire/maven-surefire-plugin/xsd/surefire-test-report.xsd" name="com.example.LambdaApplicationTests" time="1.547" tests="1" errors="0" skipped="0" failures="0">
  <properties>
    <property name="java.specification.version" value="16"/>
    <property name="sun.jnu.encoding" value="UTF-8"/>
    <property name="java.class.path" value="/Users/ysaito/dev/app/spring/various-spring-app/function-sample-aws-custom/target/test-classes:/Users/ysaito/dev/app/spring/various-spring-app/function-sample-aws-custom/target/classes:/Users/ysaito/.m2/repository/org/springframework/boot/spring-boot-starter-webflux/2.4.1/spring-boot-starter-webflux-2.4.1.jar:/Users/ysaito/.m2/repository/org/springframework/boot/spring-boot-starter/2.4.1/spring-boot-starter-2.4.1.jar:/Users/ysaito/.m2/repository/org/springframework/boot/spring-boot/2.4.1/spring-boot-2.4.1.jar:/Users/ysaito/.m2/repository/org/springframework/spring-context/5.3.2/spring-context-5.3.2.jar:/Users/ysaito/.m2/repository/org/springframework/spring-aop/5.3.2/spring-aop-5.3.2.jar:/Users/ysaito/.m2/repository/org/springframework/spring-expression/5.3.2/spring-expression-5.3.2.jar:/Users/ysaito/.m2/repository/org/springframework/boot/spring-boot-autoconfigure/2.4.1/spring-boot-autoconfigure-2.4.1.jar:/Users/ysaito/.m2/repository/jakarta/annotation/jakarta.annotation-api/1.3.5/jakarta.annotation-api-1.3.5.jar:/Users/ysaito/.m2/repository/org/yaml/snakeyaml/1.27/snakeyaml-1.27.jar:/Users/ysaito/.m2/repository/org/springframework/boot/spring-boot-starter-reactor-netty/2.4.1/spring-boot-starter-reactor-netty-2.4.1.jar:/Users/ysaito/.m2/repository/io/projectreactor/netty/reactor-netty-http/1.0.2/reactor-netty-http-1.0.2.jar:/Users/ysaito/.m2/repository/io/netty/netty-codec-http/4.1.55.Final/netty-codec-http-4.1.55.Final.jar:/Users/ysaito/.m2/repository/io/netty/netty-common/4.1.55.Final/netty-common-4.1.55.Final.jar:/Users/ysaito/.m2/repository/io/netty/netty-buffer/4.1.55.Final/netty-buffer-4.1.55.Final.jar:/Users/ysaito/.m2/repository/io/netty/netty-transport/4.1.55.Final/netty-transport-4.1.55.Final.jar:/Users/ysaito/.m2/repository/io/netty/netty-codec/4.1.55.Final/netty-codec-4.1.55.Final.jar:/Users/ysaito/.m2/repository/io/netty/netty-handler/4.1.55.Final/netty-handler-4.1.55.Final.jar:/Users/ysaito/.m2/repository/io/netty/netty-codec-http2/4.1.55.Final/netty-codec-http2-4.1.55.Final.jar:/Users/ysaito/.m2/repository/io/netty/netty-resolver-dns/4.1.55.Final/netty-resolver-dns-4.1.55.Final.jar:/Users/ysaito/.m2/repository/io/netty/netty-resolver/4.1.55.Final/netty-resolver-4.1.55.Final.jar:/Users/ysaito/.m2/repository/io/netty/netty-codec-dns/4.1.55.Final/netty-codec-dns-4.1.55.Final.jar:/Users/ysaito/.m2/repository/io/netty/netty-transport-native-epoll/4.1.55.Final/netty-transport-native-epoll-4.1.55.Final-linux-x86_64.jar:/Users/ysaito/.m2/repository/io/netty/netty-transport-native-unix-common/4.1.55.Final/netty-transport-native-unix-common-4.1.55.Final.jar:/Users/ysaito/.m2/repository/io/projectreactor/netty/reactor-netty-core/1.0.2/reactor-netty-core-1.0.2.jar:/Users/ysaito/.m2/repository/io/netty/netty-handler-proxy/4.1.55.Final/netty-handler-proxy-4.1.55.Final.jar:/Users/ysaito/.m2/repository/io/netty/netty-codec-socks/4.1.55.Final/netty-codec-socks-4.1.55.Final.jar:/Users/ysaito/.m2/repository/org/springframework/spring-web/5.3.2/spring-web-5.3.2.jar:/Users/ysaito/.m2/repository/org/springframework/spring-beans/5.3.2/spring-beans-5.3.2.jar:/Users/ysaito/.m2/repository/org/springframework/spring-webflux/5.3.2/spring-webflux-5.3.2.jar:/Users/ysaito/.m2/repository/org/springframework/cloud/spring-cloud-function-web/3.1.0-SNAPSHOT/spring-cloud-function-web-3.1.0-SNAPSHOT.jar:/Users/ysaito/.m2/repository/org/springframework/cloud/spring-cloud-function-context/3.1.0-SNAPSHOT/spring-cloud-function-context-3.1.0-SNAPSHOT.jar:/Users/ysaito/.m2/repository/net/jodah/typetools/0.6.2/typetools-0.6.2.jar:/Users/ysaito/.m2/repository/org/springframework/cloud/spring-cloud-function-core/3.1.0-SNAPSHOT/spring-cloud-function-core-3.1.0-SNAPSHOT.jar:/Users/ysaito/.m2/repository/org/springframework/spring-messaging/5.3.2/spring-messaging-5.3.2.jar:/Users/ysaito/.m2/repository/javax/annotation/javax.annotation-api/1.3.2/javax.annotation-api-1.3.2.jar:/Users/ysaito/.m2/repository/org/springframework/cloud/spring-cloud-function-adapter-aws/3.1.0-SNAPSHOT/spring-cloud-function-adapter-aws-3.1.0-SNAPSHOT.jar:/Users/ysaito/.m2/repository/com/fasterxml/jackson/core/jackson-databind/2.11.3/jackson-databind-2.11.3.jar:/Users/ysaito/.m2/repository/com/fasterxml/jackson/core/jackson-annotations/2.11.3/jackson-annotations-2.11.3.jar:/Users/ysaito/.m2/repository/com/fasterxml/jackson/core/jackson-core/2.11.3/jackson-core-2.11.3.jar:/Users/ysaito/.m2/repository/com/fasterxml/jackson/datatype/jackson-datatype-joda/2.11.3/jackson-datatype-joda-2.11.3.jar:/Users/ysaito/.m2/repository/joda-time/joda-time/2.9.9/joda-time-2.9.9.jar:/Users/ysaito/.m2/repository/io/projectreactor/reactor-core/3.4.1/reactor-core-3.4.1.jar:/Users/ysaito/.m2/repository/org/reactivestreams/reactive-streams/1.0.3/reactive-streams-1.0.3.jar:/Users/ysaito/.m2/repository/org/slf4j/slf4j-jdk14/1.7.30/slf4j-jdk14-1.7.30.jar:/Users/ysaito/.m2/repository/org/slf4j/slf4j-api/1.7.30/slf4j-api-1.7.30.jar:/Users/ysaito/.m2/repository/org/springframework/boot/spring-boot-starter-test/2.4.1/spring-boot-starter-test-2.4.1.jar:/Users/ysaito/.m2/repository/org/springframework/boot/spring-boot-test/2.4.1/spring-boot-test-2.4.1.jar:/Users/ysaito/.m2/repository/org/springframework/boot/spring-boot-test-autoconfigure/2.4.1/spring-boot-test-autoconfigure-2.4.1.jar:/Users/ysaito/.m2/repository/com/jayway/jsonpath/json-path/2.4.0/json-path-2.4.0.jar:/Users/ysaito/.m2/repository/net/minidev/json-smart/2.3/json-smart-2.3.jar:/Users/ysaito/.m2/repository/net/minidev/accessors-smart/1.2/accessors-smart-1.2.jar:/Users/ysaito/.m2/repository/org/ow2/asm/asm/5.0.4/asm-5.0.4.jar:/Users/ysaito/.m2/repository/jakarta/xml/bind/jakarta.xml.bind-api/2.3.3/jakarta.xml.bind-api-2.3.3.jar:/Users/ysaito/.m2/repository/jakarta/activation/jakarta.activation-api/1.2.2/jakarta.activation-api-1.2.2.jar:/Users/ysaito/.m2/repository/org/assertj/assertj-core/3.18.1/assertj-core-3.18.1.jar:/Users/ysaito/.m2/repository/org/hamcrest/hamcrest/2.2/hamcrest-2.2.jar:/Users/ysaito/.m2/repository/org/junit/jupiter/junit-jupiter/5.7.0/junit-jupiter-5.7.0.jar:/Users/ysaito/.m2/repository/org/junit/jupiter/junit-jupiter-api/5.7.0/junit-jupiter-api-5.7.0.jar:/Users/ysaito/.m2/repository/org/apiguardian/apiguardian-api/1.1.0/apiguardian-api-1.1.0.jar:/Users/ysaito/.m2/repository/org/opentest4j/opentest4j/1.2.0/opentest4j-1.2.0.jar:/Users/ysaito/.m2/repository/org/junit/platform/junit-platform-commons/1.7.0/junit-platform-commons-1.7.0.jar:/Users/ysaito/.m2/repository/org/junit/jupiter/junit-jupiter-params/5.7.0/junit-jupiter-params-5.7.0.jar:/Users/ysaito/.m2/repository/org/junit/jupiter/junit-jupiter-engine/5.7.0/junit-jupiter-engine-5.7.0.jar:/Users/ysaito/.m2/repository/org/junit/platform/junit-platform-engine/1.7.0/junit-platform-engine-1.7.0.jar:/Users/ysaito/.m2/repository/org/mockito/mockito-core/3.6.28/mockito-core-3.6.28.jar:/Users/ysaito/.m2/repository/net/bytebuddy/byte-buddy/1.10.18/byte-buddy-1.10.18.jar:/Users/ysaito/.m2/repository/net/bytebuddy/byte-buddy-agent/1.10.18/byte-buddy-agent-1.10.18.jar:/Users/ysaito/.m2/repository/org/objenesis/objenesis/3.1/objenesis-3.1.jar:/Users/ysaito/.m2/repository/org/mockito/mockito-junit-jupiter/3.6.28/mockito-junit-jupiter-3.6.28.jar:/Users/ysaito/.m2/repository/org/skyscreamer/jsonassert/1.5.0/jsonassert-1.5.0.jar:/Users/ysaito/.m2/repository/com/vaadin/external/google/android-json/0.0.20131108.vaadin1/android-json-0.0.20131108.vaadin1.jar:/Users/ysaito/.m2/repository/org/springframework/spring-core/5.3.2/spring-core-5.3.2.jar:/Users/ysaito/.m2/repository/org/springframework/spring-jcl/5.3.2/spring-jcl-5.3.2.jar:/Users/ysaito/.m2/repository/org/springframework/spring-test/5.3.2/spring-test-5.3.2.jar:/Users/ysaito/.m2/repository/org/xmlunit/xmlunit-core/2.7.0/xmlunit-core-2.7.0.jar:/Users/ysaito/.m2/repository/io/projectreactor/reactor-test/3.4.1/reactor-test-3.4.1.jar:/Users/ysaito/.m2/repository/org/awaitility/awaitility/4.0.3/awaitility-4.0.3.jar:/Users/ysaito/.m2/repository/org/testcontainers/testcontainers/1.14.3/testcontainers-1.14.3.jar:/Users/ysaito/.m2/repository/junit/junit/4.13.1/junit-4.13.1.jar:/Users/ysaito/.m2/repository/org/hamcrest/hamcrest-core/2.2/hamcrest-core-2.2.jar:/Users/ysaito/.m2/repository/org/jetbrains/annotations/19.0.0/annotations-19.0.0.jar:/Users/ysaito/.m2/repository/org/apache/commons/commons-compress/1.20/commons-compress-1.20.jar:/Users/ysaito/.m2/repository/org/rnorth/duct-tape/duct-tape/1.0.8/duct-tape-1.0.8.jar:/Users/ysaito/.m2/repository/org/rnorth/visible-assertions/visible-assertions/2.1.2/visible-assertions-2.1.2.jar:/Users/ysaito/.m2/repository/org/rnorth/tcp-unix-socket-proxy/1.0.2/tcp-unix-socket-proxy-1.0.2.jar:/Users/ysaito/.m2/repository/com/kohlschutter/junixsocket/junixsocket-native-common/2.0.4/junixsocket-native-common-2.0.4.jar:/Users/ysaito/.m2/repository/org/scijava/native-lib-loader/2.0.2/native-lib-loader-2.0.2.jar:/Users/ysaito/.m2/repository/com/kohlschutter/junixsocket/junixsocket-common/2.0.4/junixsocket-common-2.0.4.jar:/Users/ysaito/.m2/repository/net/java/dev/jna/jna-platform/5.5.0/jna-platform-5.5.0.jar:/Users/ysaito/.m2/repository/net/java/dev/jna/jna/5.5.0/jna-5.5.0.jar:"/>
    <property name="java.vm.vendor" value="Oracle Corporation"/>
    <property name="sun.arch.data.model" value="64"/>
    <property name="java.vendor.url" value="https://java.oracle.com/"/>
    <property name="os.name" value="Mac OS X"/>
    <property name="java.vm.specification.version" value="16"/>
    <property name="sun.java.launcher" value="SUN_STANDARD"/>
    <property name="user.country" value="JP"/>
    <property name="sun.boot.library.path" value="/Users/ysaito/.sdkman/candidates/java/16.ea.13-open/lib"/>
    <property name="sun.java.command" value="/Users/ysaito/dev/app/spring/various-spring-app/function-sample-aws-custom/target/surefire/surefirebooter98407979158519476.jar /Users/ysaito/dev/app/spring/various-spring-app/function-sample-aws-custom/target/surefire 2020-12-27T21-31-30_990-jvmRun1 surefire1416321981781584592tmp surefire_02775968804295454721tmp"/>
    <property name="http.nonProxyHosts" value="local|*.local|169.254/16|*.169.254/16"/>
    <property name="jdk.debug" value="release"/>
    <property name="surefire.test.class.path" value="/Users/ysaito/dev/app/spring/various-spring-app/function-sample-aws-custom/target/test-classes:/Users/ysaito/dev/app/spring/various-spring-app/function-sample-aws-custom/target/classes:/Users/ysaito/.m2/repository/org/springframework/boot/spring-boot-starter-webflux/2.4.1/spring-boot-starter-webflux-2.4.1.jar:/Users/ysaito/.m2/repository/org/springframework/boot/spring-boot-starter/2.4.1/spring-boot-starter-2.4.1.jar:/Users/ysaito/.m2/repository/org/springframework/boot/spring-boot/2.4.1/spring-boot-2.4.1.jar:/Users/ysaito/.m2/repository/org/springframework/spring-context/5.3.2/spring-context-5.3.2.jar:/Users/ysaito/.m2/repository/org/springframework/spring-aop/5.3.2/spring-aop-5.3.2.jar:/Users/ysaito/.m2/repository/org/springframework/spring-expression/5.3.2/spring-expression-5.3.2.jar:/Users/ysaito/.m2/repository/org/springframework/boot/spring-boot-autoconfigure/2.4.1/spring-boot-autoconfigure-2.4.1.jar:/Users/ysaito/.m2/repository/jakarta/annotation/jakarta.annotation-api/1.3.5/jakarta.annotation-api-1.3.5.jar:/Users/ysaito/.m2/repository/org/yaml/snakeyaml/1.27/snakeyaml-1.27.jar:/Users/ysaito/.m2/repository/org/springframework/boot/spring-boot-starter-reactor-netty/2.4.1/spring-boot-starter-reactor-netty-2.4.1.jar:/Users/ysaito/.m2/repository/io/projectreactor/netty/reactor-netty-http/1.0.2/reactor-netty-http-1.0.2.jar:/Users/ysaito/.m2/repository/io/netty/netty-codec-http/4.1.55.Final/netty-codec-http-4.1.55.Final.jar:/Users/ysaito/.m2/repository/io/netty/netty-common/4.1.55.Final/netty-common-4.1.55.Final.jar:/Users/ysaito/.m2/repository/io/netty/netty-buffer/4.1.55.Final/netty-buffer-4.1.55.Final.jar:/Users/ysaito/.m2/repository/io/netty/netty-transport/4.1.55.Final/netty-transport-4.1.55.Final.jar:/Users/ysaito/.m2/repository/io/netty/netty-codec/4.1.55.Final/netty-codec-4.1.55.Final.jar:/Users/ysaito/.m2/repository/io/netty/netty-handler/4.1.55.Final/netty-handler-4.1.55.Final.jar:/Users/ysaito/.m2/repository/io/netty/netty-codec-http2/4.1.55.Final/netty-codec-http2-4.1.55.Final.jar:/Users/ysaito/.m2/repository/io/netty/netty-resolver-dns/4.1.55.Final/netty-resolver-dns-4.1.55.Final.jar:/Users/ysaito/.m2/repository/io/netty/netty-resolver/4.1.55.Final/netty-resolver-4.1.55.Final.jar:/Users/ysaito/.m2/repository/io/netty/netty-codec-dns/4.1.55.Final/netty-codec-dns-4.1.55.Final.jar:/Users/ysaito/.m2/repository/io/netty/netty-transport-native-epoll/4.1.55.Final/netty-transport-native-epoll-4.1.55.Final-linux-x86_64.jar:/Users/ysaito/.m2/repository/io/netty/netty-transport-native-unix-common/4.1.55.Final/netty-transport-native-unix-common-4.1.55.Final.jar:/Users/ysaito/.m2/repository/io/projectreactor/netty/reactor-netty-core/1.0.2/reactor-netty-core-1.0.2.jar:/Users/ysaito/.m2/repository/io/netty/netty-handler-proxy/4.1.55.Final/netty-handler-proxy-4.1.55.Final.jar:/Users/ysaito/.m2/repository/io/netty/netty-codec-socks/4.1.55.Final/netty-codec-socks-4.1.55.Final.jar:/Users/ysaito/.m2/repository/org/springframework/spring-web/5.3.2/spring-web-5.3.2.jar:/Users/ysaito/.m2/repository/org/springframework/spring-beans/5.3.2/spring-beans-5.3.2.jar:/Users/ysaito/.m2/repository/org/springframework/spring-webflux/5.3.2/spring-webflux-5.3.2.jar:/Users/ysaito/.m2/repository/org/springframework/cloud/spring-cloud-function-web/3.1.0-SNAPSHOT/spring-cloud-function-web-3.1.0-SNAPSHOT.jar:/Users/ysaito/.m2/repository/org/springframework/cloud/spring-cloud-function-context/3.1.0-SNAPSHOT/spring-cloud-function-context-3.1.0-SNAPSHOT.jar:/Users/ysaito/.m2/repository/net/jodah/typetools/0.6.2/typetools-0.6.2.jar:/Users/ysaito/.m2/repository/org/springframework/cloud/spring-cloud-function-core/3.1.0-SNAPSHOT/spring-cloud-function-core-3.1.0-SNAPSHOT.jar:/Users/ysaito/.m2/repository/org/springframework/spring-messaging/5.3.2/spring-messaging-5.3.2.jar:/Users/ysaito/.m2/repository/javax/annotation/javax.annotation-api/1.3.2/javax.annotation-api-1.3.2.jar:/Users/ysaito/.m2/repository/org/springframework/cloud/spring-cloud-function-adapter-aws/3.1.0-SNAPSHOT/spring-cloud-function-adapter-aws-3.1.0-SNAPSHOT.jar:/Users/ysaito/.m2/repository/com/fasterxml/jackson/core/jackson-databind/2.11.3/jackson-databind-2.11.3.jar:/Users/ysaito/.m2/repository/com/fasterxml/jackson/core/jackson-annotations/2.11.3/jackson-annotations-2.11.3.jar:/Users/ysaito/.m2/repository/com/fasterxml/jackson/core/jackson-core/2.11.3/jackson-core-2.11.3.jar:/Users/ysaito/.m2/repository/com/fasterxml/jackson/datatype/jackson-datatype-joda/2.11.3/jackson-datatype-joda-2.11.3.jar:/Users/ysaito/.m2/repository/joda-time/joda-time/2.9.9/joda-time-2.9.9.jar:/Users/ysaito/.m2/repository/io/projectreactor/reactor-core/3.4.1/reactor-core-3.4.1.jar:/Users/ysaito/.m2/repository/org/reactivestreams/reactive-streams/1.0.3/reactive-streams-1.0.3.jar:/Users/ysaito/.m2/repository/org/slf4j/slf4j-jdk14/1.7.30/slf4j-jdk14-1.7.30.jar:/Users/ysaito/.m2/repository/org/slf4j/slf4j-api/1.7.30/slf4j-api-1.7.30.jar:/Users/ysaito/.m2/repository/org/springframework/boot/spring-boot-starter-test/2.4.1/spring-boot-starter-test-2.4.1.jar:/Users/ysaito/.m2/repository/org/springframework/boot/spring-boot-test/2.4.1/spring-boot-test-2.4.1.jar:/Users/ysaito/.m2/repository/org/springframework/boot/spring-boot-test-autoconfigure/2.4.1/spring-boot-test-autoconfigure-2.4.1.jar:/Users/ysaito/.m2/repository/com/jayway/jsonpath/json-path/2.4.0/json-path-2.4.0.jar:/Users/ysaito/.m2/repository/net/minidev/json-smart/2.3/json-smart-2.3.jar:/Users/ysaito/.m2/repository/net/minidev/accessors-smart/1.2/accessors-smart-1.2.jar:/Users/ysaito/.m2/repository/org/ow2/asm/asm/5.0.4/asm-5.0.4.jar:/Users/ysaito/.m2/repository/jakarta/xml/bind/jakarta.xml.bind-api/2.3.3/jakarta.xml.bind-api-2.3.3.jar:/Users/ysaito/.m2/repository/jakarta/activation/jakarta.activation-api/1.2.2/jakarta.activation-api-1.2.2.jar:/Users/ysaito/.m2/repository/org/assertj/assertj-core/3.18.1/assertj-core-3.18.1.jar:/Users/ysaito/.m2/repository/org/hamcrest/hamcrest/2.2/hamcrest-2.2.jar:/Users/ysaito/.m2/repository/org/junit/jupiter/junit-jupiter/5.7.0/junit-jupiter-5.7.0.jar:/Users/ysaito/.m2/repository/org/junit/jupiter/junit-jupiter-api/5.7.0/junit-jupiter-api-5.7.0.jar:/Users/ysaito/.m2/repository/org/apiguardian/apiguardian-api/1.1.0/apiguardian-api-1.1.0.jar:/Users/ysaito/.m2/repository/org/opentest4j/opentest4j/1.2.0/opentest4j-1.2.0.jar:/Users/ysaito/.m2/repository/org/junit/platform/junit-platform-commons/1.7.0/junit-platform-commons-1.7.0.jar:/Users/ysaito/.m2/repository/org/junit/jupiter/junit-jupiter-params/5.7.0/junit-jupiter-params-5.7.0.jar:/Users/ysaito/.m2/repository/org/junit/jupiter/junit-jupiter-engine/5.7.0/junit-jupiter-engine-5.7.0.jar:/Users/ysaito/.m2/repository/org/junit/platform/junit-platform-engine/1.7.0/junit-platform-engine-1.7.0.jar:/Users/ysaito/.m2/repository/org/mockito/mockito-core/3.6.28/mockito-core-3.6.28.jar:/Users/ysaito/.m2/repository/net/bytebuddy/byte-buddy/1.10.18/byte-buddy-1.10.18.jar:/Users/ysaito/.m2/repository/net/bytebuddy/byte-buddy-agent/1.10.18/byte-buddy-agent-1.10.18.jar:/Users/ysaito/.m2/repository/org/objenesis/objenesis/3.1/objenesis-3.1.jar:/Users/ysaito/.m2/repository/org/mockito/mockito-junit-jupiter/3.6.28/mockito-junit-jupiter-3.6.28.jar:/Users/ysaito/.m2/repository/org/skyscreamer/jsonassert/1.5.0/jsonassert-1.5.0.jar:/Users/ysaito/.m2/repository/com/vaadin/external/google/android-json/0.0.20131108.vaadin1/android-json-0.0.20131108.vaadin1.jar:/Users/ysaito/.m2/repository/org/springframework/spring-core/5.3.2/spring-core-5.3.2.jar:/Users/ysaito/.m2/repository/org/springframework/spring-jcl/5.3.2/spring-jcl-5.3.2.jar:/Users/ysaito/.m2/repository/org/springframework/spring-test/5.3.2/spring-test-5.3.2.jar:/Users/ysaito/.m2/repository/org/xmlunit/xmlunit-core/2.7.0/xmlunit-core-2.7.0.jar:/Users/ysaito/.m2/repository/io/projectreactor/reactor-test/3.4.1/reactor-test-3.4.1.jar:/Users/ysaito/.m2/repository/org/awaitility/awaitility/4.0.3/awaitility-4.0.3.jar:/Users/ysaito/.m2/repository/org/testcontainers/testcontainers/1.14.3/testcontainers-1.14.3.jar:/Users/ysaito/.m2/repository/junit/junit/4.13.1/junit-4.13.1.jar:/Users/ysaito/.m2/repository/org/hamcrest/hamcrest-core/2.2/hamcrest-core-2.2.jar:/Users/ysaito/.m2/repository/org/jetbrains/annotations/19.0.0/annotations-19.0.0.jar:/Users/ysaito/.m2/repository/org/apache/commons/commons-compress/1.20/commons-compress-1.20.jar:/Users/ysaito/.m2/repository/org/rnorth/duct-tape/duct-tape/1.0.8/duct-tape-1.0.8.jar:/Users/ysaito/.m2/repository/org/rnorth/visible-assertions/visible-assertions/2.1.2/visible-assertions-2.1.2.jar:/Users/ysaito/.m2/repository/org/rnorth/tcp-unix-socket-proxy/1.0.2/tcp-unix-socket-proxy-1.0.2.jar:/Users/ysaito/.m2/repository/com/kohlschutter/junixsocket/junixsocket-native-common/2.0.4/junixsocket-native-common-2.0.4.jar:/Users/ysaito/.m2/repository/org/scijava/native-lib-loader/2.0.2/native-lib-loader-2.0.2.jar:/Users/ysaito/.m2/repository/com/kohlschutter/junixsocket/junixsocket-common/2.0.4/junixsocket-common-2.0.4.jar:/Users/ysaito/.m2/repository/net/java/dev/jna/jna-platform/5.5.0/jna-platform-5.5.0.jar:/Users/ysaito/.m2/repository/net/java/dev/jna/jna/5.5.0/jna-5.5.0.jar:"/>
    <property name="sun.cpu.endian" value="little"/>
    <property name="user.home" value="/Users/ysaito"/>
    <property name="user.language" value="ja"/>
    <property name="java.specification.vendor" value="Oracle Corporation"/>
    <property name="java.version.date" value="2021-03-16"/>
    <property name="java.home" value="/Users/ysaito/.sdkman/candidates/java/16.ea.13-open"/>
    <property name="file.separator" value="/"/>
    <property name="basedir" value="/Users/ysaito/dev/app/spring/various-spring-app/function-sample-aws-custom"/>
    <property name="java.vm.compressedOopsMode" value="Zero based"/>
    <property name="line.separator" value="&#10;"/>
    <property name="java.specification.name" value="Java Platform API Specification"/>
    <property name="java.vm.specification.vendor" value="Oracle Corporation"/>
    <property name="surefire.real.class.path" value="/Users/ysaito/dev/app/spring/various-spring-app/function-sample-aws-custom/target/surefire/surefirebooter98407979158519476.jar"/>
    <property name="sun.management.compiler" value="HotSpot 64-Bit Tiered Compilers"/>
    <property name="ftp.nonProxyHosts" value="local|*.local|169.254/16|*.169.254/16"/>
    <property name="java.runtime.version" value="16-ea+13-521"/>
    <property name="user.name" value="ysaito"/>
    <property name="path.separator" value=":"/>
    <property name="os.version" value="10.13.6"/>
    <property name="java.runtime.name" value="OpenJDK Runtime Environment"/>
    <property name="file.encoding" value="UTF-8"/>
    <property name="java.vm.name" value="OpenJDK 64-Bit Server VM"/>
    <property name="localRepository" value="/Users/ysaito/.m2/repository"/>
    <property name="java.vendor.url.bug" value="https://bugreport.java.com/bugreport/"/>
    <property name="java.io.tmpdir" value="/var/folders/bm/l2vtlq016xl5g_fxvwb8wh9r0000gn/T/"/>
    <property name="idea.version" value="2020.2.2"/>
    <property name="java.version" value="16-ea"/>
    <property name="user.dir" value="/Users/ysaito/dev/app/spring/various-spring-app/function-sample-aws-custom"/>
    <property name="os.arch" value="x86_64"/>
    <property name="java.vm.specification.name" value="Java Virtual Machine Specification"/>
    <property name="java.library.path" value="/Users/ysaito/Library/Java/Extensions:/Library/Java/Extensions:/Network/Library/Java/Extensions:/System/Library/Java/Extensions:/usr/lib/java:."/>
    <property name="java.vm.info" value="mixed mode, sharing"/>
    <property name="java.vendor" value="Oracle Corporation"/>
    <property name="java.vm.version" value="16-ea+13-521"/>
    <property name="sun.io.unicode.encoding" value="UnicodeBig"/>
    <property name="socksNonProxyHosts" value="local|*.local|169.254/16|*.169.254/16"/>
    <property name="java.class.version" value="60.0"/>
  </properties>
  <testcase name="contextLoads" classname="com.example.LambdaApplicationTests" time="0.447"/>
</testsuite>